<?xml version="1.0" encoding="UTF-8"?>
<testsuite xmlns:xsi="http://www.w3.org/2001/XMLSchema-instance" xsi:noNamespaceSchemaLocation="https://maven.apache.org/surefire/maven-surefire-plugin/xsd/surefire-test-report.xsd" name="fi.tuni.tamk.tiko.objectorientedprogramming.AppTest" time="0.066" tests="1" errors="0" skipped="0" failures="0">
  <properties>
    <property name="sun.desktop" value="windows"/>
    <property name="awt.toolkit" value="sun.awt.windows.WToolkit"/>
    <property name="java.specification.version" value="12"/>
    <property name="sun.cpu.isalist" value="amd64"/>
    <property name="sun.jnu.encoding" value="Cp1252"/>
    <property name="java.class.path" value="C:\Users\lassi\Ohjelmointi\Ostoslista\shoppinglist\target\test-classes;C:\Users\lassi\Ohjelmointi\Ostoslista\shoppinglist\target\classes;C:\Users\lassi\.m2\repository\junit\junit\4.11\junit-4.11.jar;C:\Users\lassi\.m2\repository\org\hamcrest\hamcrest-core\1.3\hamcrest-core-1.3.jar;C:\Users\lassi\.m2\repository\org\openjfx\javafx-controls\13\javafx-controls-13.jar;C:\Users\lassi\.m2\repository\org\openjfx\javafx-controls\13\javafx-controls-13-win.jar;C:\Users\lassi\.m2\repository\org\openjfx\javafx-graphics\13\javafx-graphics-13.jar;C:\Users\lassi\.m2\repository\org\openjfx\javafx-graphics\13\javafx-graphics-13-win.jar;C:\Users\lassi\.m2\repository\org\openjfx\javafx-base\13\javafx-base-13.jar;C:\Users\lassi\.m2\repository\org\openjfx\javafx-base\13\javafx-base-13-win.jar;C:\Users\lassi\.m2\repository\fi\tuni\tamk\tiko\objectorientedprogramming\jsonparser\1.0-SNAPSHOT\jsonparser-1.0-SNAPSHOT.jar;"/>
    <property name="java.vm.vendor" value="Oracle Corporation"/>
    <property name="sun.arch.data.model" value="64"/>
    <property name="user.variant" value=""/>
    <property name="java.vendor.url" value="https://java.oracle.com/"/>
    <property name="user.timezone" value="Europe/Helsinki"/>
    <property name="os.name" value="Windows 10"/>
    <property name="java.vm.specification.version" value="12"/>
    <property name="sun.java.launcher" value="SUN_STANDARD"/>
    <property name="user.country" value="FI"/>
    <property name="sun.boot.library.path" value="C:\Program Files\Java\jdk-12.0.2\bin"/>
    <property name="sun.java.command" value="C:\Users\lassi\AppData\Local\Temp\surefire12209615491310063377\surefirebooter9650943141094038629.jar C:\Users\lassi\AppData\Local\Temp\surefire12209615491310063377 2019-12-17T23-07-36_593-jvmRun1 surefire5643295387522668050tmp surefire_05528869594641515113tmp"/>
    <property name="jdk.debug" value="release"/>
    <property name="surefire.test.class.path" value="C:\Users\lassi\Ohjelmointi\Ostoslista\shoppinglist\target\test-classes;C:\Users\lassi\Ohjelmointi\Ostoslista\shoppinglist\target\classes;C:\Users\lassi\.m2\repository\junit\junit\4.11\junit-4.11.jar;C:\Users\lassi\.m2\repository\org\hamcrest\hamcrest-core\1.3\hamcrest-core-1.3.jar;C:\Users\lassi\.m2\repository\org\openjfx\javafx-controls\13\javafx-controls-13.jar;C:\Users\lassi\.m2\repository\org\openjfx\javafx-controls\13\javafx-controls-13-win.jar;C:\Users\lassi\.m2\repository\org\openjfx\javafx-graphics\13\javafx-graphics-13.jar;C:\Users\lassi\.m2\repository\org\openjfx\javafx-graphics\13\javafx-graphics-13-win.jar;C:\Users\lassi\.m2\repository\org\openjfx\javafx-base\13\javafx-base-13.jar;C:\Users\lassi\.m2\repository\org\openjfx\javafx-base\13\javafx-base-13-win.jar;C:\Users\lassi\.m2\repository\fi\tuni\tamk\tiko\objectorientedprogramming\jsonparser\1.0-SNAPSHOT\jsonparser-1.0-SNAPSHOT.jar;"/>
    <property name="sun.cpu.endian" value="little"/>
    <property name="user.home" value="C:\Users\lassi"/>
    <property name="user.language" value="fi"/>
    <property name="java.specification.vendor" value="Oracle Corporation"/>
    <property name="java.version.date" value="2019-07-16"/>
    <property name="java.home" value="C:\Program Files\Java\jdk-12.0.2"/>
    <property name="file.separator" value="\"/>
    <property name="basedir" value="C:\Users\lassi\Ohjelmointi\Ostoslista\shoppinglist"/>
    <property name="java.vm.compressedOopsMode" value="32-bit"/>
    <property name="line.separator" value="&#10;"/>
    <property name="java.vm.specification.vendor" value="Oracle Corporation"/>
    <property name="java.specification.name" value="Java Platform API Specification"/>
    <property name="java.awt.graphicsenv" value="sun.awt.Win32GraphicsEnvironment"/>
    <property name="surefire.real.class.path" value="C:\Users\lassi\AppData\Local\Temp\surefire12209615491310063377\surefirebooter9650943141094038629.jar"/>
    <property name="user.script" value=""/>
    <property name="sun.management.compiler" value="HotSpot 64-Bit Tiered Compilers"/>
    <property name="java.runtime.version" value="12.0.2+10"/>
    <property name="user.name" value="lassi"/>
    <property name="path.separator" value=";"/>
    <property name="os.version" value="10.0"/>
    <property name="java.runtime.name" value="Java(TM) SE Runtime Environment"/>
    <property name="file.encoding" value="Cp1252"/>
    <property name="java.vm.name" value="Java HotSpot(TM) 64-Bit Server VM"/>
    <property name="localRepository" value="C:\Users\lassi\.m2\repository"/>
    <property name="java.vendor.url.bug" value="https://bugreport.java.com/bugreport/"/>
    <property name="java.io.tmpdir" value="C:\Users\lassi\AppData\Local\Temp\"/>
    <property name="java.version" value="12.0.2"/>
    <property name="user.dir" value="C:\Users\lassi\Ohjelmointi\Ostoslista\shoppinglist"/>
    <property name="os.arch" value="amd64"/>
    <property name="java.vm.specification.name" value="Java Virtual Machine Specification"/>
    <property name="sun.os.patch.level" value=""/>
    <property name="java.library.path" value="C:\Program Files\Java\jdk-12.0.2\bin;C:\WINDOWS\Sun\Java\bin;C:\WINDOWS\system32;C:\WINDOWS;C:\Program Files (x86)\Intel\iCLS Client\;C:\Program Files\Intel\iCLS Client\;C:\WINDOWS\system32;C:\WINDOWS;C:\WINDOWS\System32\Wbem;C:\WINDOWS\System32\WindowsPowerShell\v1.0\;C:\Program Files (x86)\Intel\Intel(R) Management Engine Components\DAL;C:\Program Files\Intel\Intel(R) Management Engine Components\DAL;C:\Program Files (x86)\Intel\Intel(R) Management Engine Components\IPT;C:\Program Files\Intel\Intel(R) Management Engine Components\IPT;C:\Program Files\Java\jdk1.8.0_181\bin;C:\Program Files\PuTTY\;C:\WINDOWS\System32\OpenSSH\;C:\Program Files\Git\cmd;C:\maven\bin;C:\Program Files\Java\jdk-12.0.2\bin;C:\Users\lassi\AppData\Local\Microsoft\WindowsApps;;C:\Users\lassi\AppData\Local\Programs\Microsoft VS Code\bin;C:\Program Files\JetBrains\IntelliJ IDEA Community Edition 2019.2.3\bin;;."/>
    <property name="java.vm.info" value="mixed mode, sharing"/>
    <property name="java.vendor" value="Oracle Corporation"/>
    <property name="java.vm.version" value="12.0.2+10"/>
    <property name="sun.io.unicode.encoding" value="UnicodeLittle"/>
    <property name="java.class.version" value="56.0"/>
  </properties>
  <testcase name="shouldAnswerWithTrue" classname="fi.tuni.tamk.tiko.objectorientedprogramming.AppTest" time="0.002"/>
</testsuite>